<<<<<<< HEAD
﻿  Title.cpp
  Player.cpp
  Play.cpp
  Over.cpp
  Key.cpp
  Enemy.cpp
  End.cpp
  Clear.cpp
  Character.cpp
  camera.cpp
  BackGround.cpp
  コードを生成中...
  main.cpp
C:\Program Files (x86)\Microsoft Visual Studio\2017\Professional\Common7\IDE\VC\VCTargets\Microsoft.CppCommon.targets(654,5): warning MSB4220: 現在実行中のタスク "Link" のキャンセルを待機しています。
C:\Program Files (x86)\Microsoft Visual Studio\2017\Professional\Common7\IDE\VC\VCTargets\Microsoft.CppCommon.targets(654,5): warning MSB4220: 現在実行中のタスク "Link" のキャンセルを待機しています。
C:\Program Files (x86)\Microsoft Visual Studio\2017\Professional\Common7\IDE\VC\VCTargets\Microsoft.CppCommon.targets(654,5): warning MSB4220: 現在実行中のタスク "Link" のキャンセルを待機しています。
C:\Program Files (x86)\Microsoft Visual Studio\2017\Professional\Common7\IDE\VC\VCTargets\Microsoft.CppCommon.targets(654,5): warning MSB4220: 現在実行中のタスク "Link" のキャンセルを待機しています。
C:\Program Files (x86)\Microsoft Visual Studio\2017\Professional\Common7\IDE\VC\VCTargets\Microsoft.CppCommon.targets(654,5): warning MSB4220: 現在実行中のタスク "Link" のキャンセルを待機しています。
C:\Program Files (x86)\Microsoft Visual Studio\2017\Professional\Common7\IDE\VC\VCTargets\Microsoft.CppCommon.targets(654,5): error MSB6006: "link.exe" はコード 1 を伴って終了しました。
=======
﻿  BackGround.cpp
c:\users\1601277\documents\github\gameing\ゲーム1\ゲーム1\background.cpp(19): error C3867: 'Character::GetLocalPos': 非標準の構文です。メンバーにポインタを作成するには '&' を使用してください
c:\users\1601277\documents\github\gameing\ゲーム1\ゲーム1\background.cpp(19): error C3867: 'BackGround::SetPlayer': 非標準の構文です。メンバーにポインタを作成するには '&' を使用してください
c:\users\1601277\documents\github\gameing\ゲーム1\ゲーム1\background.cpp(19): error C2446: '>=': 'void (__thiscall BackGround::* )(Player *)' 型から 'Pos (__thiscall Character::* )(void)' 型への変換ができません。
  c:\users\1601277\documents\github\gameing\ゲーム1\ゲーム1\background.cpp(19): note: 指示された型は関連がありません。変換には reinterpret_cast、C スタイル キャストまたは関数スタイルのキャストが必要です。
>>>>>>> parent of f5856bf... Merge branch 'master' of https://github.com/nao2006/Gameing
